  Sortoff.cpp
Sortoff.cpp(78): warning C4311: 'type cast': pointer truncation from 'HINSTANCE' to 'int'
Sortoff.cpp(78): warning C4302: 'type cast': truncation from 'HINSTANCE' to 'int'
Sortoff.cpp(78): warning C4312: 'type cast': conversion from 'LONG' to 'HINSTANCE' of greater size
Sortoff.cpp(91): warning C4311: 'type cast': pointer truncation from 'HINSTANCE' to 'int'
Sortoff.cpp(91): warning C4302: 'type cast': truncation from 'HINSTANCE' to 'int'
Sortoff.cpp(91): warning C4312: 'type cast': conversion from 'LONG' to 'HINSTANCE' of greater size
Sortoff.cpp(104): warning C4311: 'type cast': pointer truncation from 'HINSTANCE' to 'int'
Sortoff.cpp(104): warning C4302: 'type cast': truncation from 'HINSTANCE' to 'int'
Sortoff.cpp(104): warning C4312: 'type cast': conversion from 'LONG' to 'HINSTANCE' of greater size
Sortoff.cpp(117): warning C4311: 'type cast': pointer truncation from 'HINSTANCE' to 'int'
Sortoff.cpp(117): warning C4302: 'type cast': truncation from 'HINSTANCE' to 'int'
Sortoff.cpp(117): warning C4312: 'type cast': conversion from 'LONG' to 'HINSTANCE' of greater size
Sortoff.cpp(130): warning C4311: 'type cast': pointer truncation from 'HINSTANCE' to 'int'
Sortoff.cpp(130): warning C4302: 'type cast': truncation from 'HINSTANCE' to 'int'
Sortoff.cpp(130): warning C4312: 'type cast': conversion from 'LONG' to 'HINSTANCE' of greater size
Sortoff.cpp(143): warning C4311: 'type cast': pointer truncation from 'HINSTANCE' to 'int'
Sortoff.cpp(143): warning C4302: 'type cast': truncation from 'HINSTANCE' to 'int'
Sortoff.cpp(143): warning C4312: 'type cast': conversion from 'LONG' to 'HINSTANCE' of greater size
Sortoff.cpp(156): warning C4244: 'return': conversion from 'WPARAM' to 'int', possible loss of data
Sortoff.cpp(179): warning C4244: 'argument': conversion from 'WPARAM' to 'int', possible loss of data
Sortoff.cpp(275): warning C4101: 'i': unreferenced local variable
Sortoff.cpp(394): warning C4553: '==': operator has no effect; did you intend '='?
Sortoff.cpp(439): warning C4244: 'argument': conversion from 'time_t' to 'unsigned int', possible loss of data
  Generating code
c:\users\bt_1n3_25\desktop\sortoff-master\sortoff\sortoff\sortoff.cpp(432): warning C4172: returning address of local variable or temporary: p3
  2 of 47 functions ( 4.3%) were compiled, the rest were copied from previous compilation.
    0 functions were new in current compilation
    1 functions had inline decision re-evaluated but remain unchanged
  Finished generating code
  Sortoff.vcxproj -> C:\Users\BT_1N3_25\Desktop\sortoff-master\Sortoff\x64\Release\Sortoff.exe
