c:\users\bt_1n3_25\desktop\sortoff-master\sortoff\sortoff\x64\release\sortoff.pch
c:\users\bt_1n3_25\desktop\sortoff-master\sortoff\sortoff\x64\release\vc141.pdb
c:\users\bt_1n3_25\desktop\sortoff-master\sortoff\sortoff\x64\release\stdafx.obj
c:\users\bt_1n3_25\desktop\sortoff-master\sortoff\x64\release\sortoff.exe
c:\users\bt_1n3_25\desktop\sortoff-master\sortoff\x64\release\sortoff.pdb
c:\users\bt_1n3_25\desktop\sortoff-master\sortoff\sortoff\x64\release\sortoff.res
c:\users\bt_1n3_25\desktop\sortoff-master\sortoff\x64\release\sortoff.ipdb
c:\users\bt_1n3_25\desktop\sortoff-master\sortoff\x64\release\sortoff.iobj
c:\users\bt_1n3_25\desktop\sortoff-master\sortoff\sortoff\x64\release\sortoff.obj
c:\users\bt_1n3_25\desktop\sortoff-master\sortoff\sortoff\x64\release\vc140.pdb
c:\users\bt_1n3_25\desktop\sortoff-master\sortoff\sortoff\x64\release\sortoff.tlog\cl.command.1.tlog
c:\users\bt_1n3_25\desktop\sortoff-master\sortoff\sortoff\x64\release\sortoff.tlog\cl.read.1.tlog
c:\users\bt_1n3_25\desktop\sortoff-master\sortoff\sortoff\x64\release\sortoff.tlog\cl.write.1.tlog
c:\users\bt_1n3_25\desktop\sortoff-master\sortoff\sortoff\x64\release\sortoff.tlog\link.command.1.tlog
c:\users\bt_1n3_25\desktop\sortoff-master\sortoff\sortoff\x64\release\sortoff.tlog\link.read.1.tlog
c:\users\bt_1n3_25\desktop\sortoff-master\sortoff\sortoff\x64\release\sortoff.tlog\link.write.1.tlog
c:\users\bt_1n3_25\desktop\sortoff-master\sortoff\sortoff\x64\release\sortoff.tlog\rc.command.1.tlog
c:\users\bt_1n3_25\desktop\sortoff-master\sortoff\sortoff\x64\release\sortoff.tlog\rc.read.1.tlog
c:\users\bt_1n3_25\desktop\sortoff-master\sortoff\sortoff\x64\release\sortoff.tlog\rc.write.1.tlog
c:\users\bt_1n3_25\desktop\sortoff-master\sortoff\sortoff\x64\release\sortoff.tlog\sortoff.write.1u.tlog
